<?xml version="1.0" encoding="UTF-8"?>
<robot generator="Robot 6.0.2 (Python 3.11.3 on win32)" generated="20231120 20:22:41.552" rpa="false" schemaversion="3">
<suite id="s1" name="Web" source="D:\Projetos\TestesRobot\Web\web.robot">
<kw name="Abrir navegador" type="SETUP">
<kw name="Open Browser" library="SeleniumLibrary">
<arg>browser=${browser}</arg>
<doc>Opens a new browser instance to the optional ``url``.</doc>
<msg timestamp="20231120 20:22:44.985" level="INFO">Opening browser 'chrome' to base url 'None'.</msg>
<status status="PASS" starttime="20231120 20:22:44.985" endtime="20231120 20:22:50.667"/>
</kw>
<kw name="Maximize Browser Window" library="SeleniumLibrary">
<doc>Maximizes current browser window.</doc>
<status status="PASS" starttime="20231120 20:22:50.667" endtime="20231120 20:22:50.835"/>
</kw>
<status status="PASS" starttime="20231120 20:22:44.985" endtime="20231120 20:22:50.835"/>
</kw>
<test id="s1-t1" name="Cenário I: Logar no e-commerce" line="13">
<kw name="Acessar saucedemo.com">
<kw name="Go To" library="SeleniumLibrary">
<arg>url=${url}</arg>
<doc>Navigates the current browser window to the provided ``url``.</doc>
<msg timestamp="20231120 20:22:50.835" level="INFO">Opening url 'https://www.saucedemo.com/'</msg>
<status status="PASS" starttime="20231120 20:22:50.835" endtime="20231120 20:22:51.161"/>
</kw>
<status status="PASS" starttime="20231120 20:22:50.835" endtime="20231120 20:22:51.163"/>
</kw>
<kw name="Conferir título Swag Labs">
<kw name="Wait Until Element Is Visible" library="SeleniumLibrary">
<arg>locator=//div[contains(@class,'logo')]</arg>
<doc>Waits until the element ``locator`` is visible.</doc>
<status status="PASS" starttime="20231120 20:22:51.169" endtime="20231120 20:22:52.519"/>
</kw>
<status status="PASS" starttime="20231120 20:22:51.165" endtime="20231120 20:22:52.520"/>
</kw>
<kw name="Efetuar login">
<kw name="Input Text" library="SeleniumLibrary">
<arg>locator=user-name</arg>
<arg>text=standard_user</arg>
<doc>Types the given ``text`` into the text field identified by ``locator``.</doc>
<msg timestamp="20231120 20:22:52.523" level="INFO">Typing text 'standard_user' into text field 'user-name'.</msg>
<status status="PASS" starttime="20231120 20:22:52.521" endtime="20231120 20:22:52.944"/>
</kw>
<kw name="Input Password" library="SeleniumLibrary">
<arg>locator=password</arg>
<arg>password=secret_sauce</arg>
<doc>Types the given password into the text field identified by ``locator``.</doc>
<msg timestamp="20231120 20:22:52.944" level="INFO">Typing password into text field 'password'.</msg>
<msg timestamp="20231120 20:22:53.037" level="INFO">Temporally setting log level to: NONE</msg>
<msg timestamp="20231120 20:22:53.253" level="INFO">Log level changed from NONE to INFO.</msg>
<status status="PASS" starttime="20231120 20:22:52.944" endtime="20231120 20:22:53.253"/>
</kw>
<kw name="Click Button" library="SeleniumLibrary">
<arg>locator=login-button</arg>
<doc>Clicks the button identified by ``locator``.</doc>
<msg timestamp="20231120 20:22:53.253" level="INFO">Clicking button 'login-button'.</msg>
<status status="PASS" starttime="20231120 20:22:53.253" endtime="20231120 20:22:53.579"/>
</kw>
<status status="PASS" starttime="20231120 20:22:52.521" endtime="20231120 20:22:53.579"/>
</kw>
<kw name="Conferir título Products">
<kw name="Wait Until Element Is Visible" library="SeleniumLibrary">
<arg>locator=//span[@class='title'][contains(.,'Products')]</arg>
<doc>Waits until the element ``locator`` is visible.</doc>
<status status="PASS" starttime="20231120 20:22:53.579" endtime="20231120 20:22:53.644"/>
</kw>
<status status="PASS" starttime="20231120 20:22:53.579" endtime="20231120 20:22:53.644"/>
</kw>
<doc>Este teste visa efetuar login no e-commerce saucedemo.com</doc>
<tag>login_ecommerce</tag>
<status status="PASS" starttime="20231120 20:22:50.835" endtime="20231120 20:22:53.644"/>
</test>
<test id="s1-t2" name="Cenário II: Adicionar Backpack e Bike no carrinho" line="21">
<kw name="Buscar por Backpack">
<kw name="Page Should Contain" library="SeleniumLibrary">
<arg>text=Sauce Labs Backpack</arg>
<doc>Verifies that current page contains ``text``.</doc>
<msg timestamp="20231120 20:22:53.697" level="INFO">Current page contains text 'Sauce Labs Backpack'.</msg>
<status status="PASS" starttime="20231120 20:22:53.659" endtime="20231120 20:22:53.697"/>
</kw>
<status status="PASS" starttime="20231120 20:22:53.659" endtime="20231120 20:22:53.697"/>
</kw>
<kw name="Adicionar Backpack no carrinho">
<kw name="Click Button" library="SeleniumLibrary">
<arg>locator=add-to-cart-sauce-labs-backpack</arg>
<doc>Clicks the button identified by ``locator``.</doc>
<msg timestamp="20231120 20:22:53.700" level="INFO">Clicking button 'add-to-cart-sauce-labs-backpack'.</msg>
<status status="PASS" starttime="20231120 20:22:53.698" endtime="20231120 20:22:53.816"/>
</kw>
<status status="PASS" starttime="20231120 20:22:53.698" endtime="20231120 20:22:53.816"/>
</kw>
<kw name="Buscar por Bike">
<kw name="Page Should Contain" library="SeleniumLibrary">
<arg>text=Sauce Labs Bike Light</arg>
<doc>Verifies that current page contains ``text``.</doc>
<msg timestamp="20231120 20:22:53.841" level="INFO">Current page contains text 'Sauce Labs Bike Light'.</msg>
<status status="PASS" starttime="20231120 20:22:53.817" endtime="20231120 20:22:53.841"/>
</kw>
<status status="PASS" starttime="20231120 20:22:53.816" endtime="20231120 20:22:53.842"/>
</kw>
<kw name="Adicionar Bike no carrinho">
<kw name="Click Button" library="SeleniumLibrary">
<arg>locator=add-to-cart-sauce-labs-bike-light</arg>
<doc>Clicks the button identified by ``locator``.</doc>
<msg timestamp="20231120 20:22:53.843" level="INFO">Clicking button 'add-to-cart-sauce-labs-bike-light'.</msg>
<status status="PASS" starttime="20231120 20:22:53.843" endtime="20231120 20:22:53.950"/>
</kw>
<status status="PASS" starttime="20231120 20:22:53.843" endtime="20231120 20:22:53.951"/>
</kw>
<kw name="Conferir os dois produtos no carrinho">
<kw name="Click Element" library="SeleniumLibrary">
<arg>locator=${cart}</arg>
<doc>Click the element identified by ``locator``.</doc>
<msg timestamp="20231120 20:22:53.951" level="INFO">Clicking element '//a[contains(@class,'link')]'.</msg>
<status status="PASS" starttime="20231120 20:22:53.951" endtime="20231120 20:22:54.047"/>
</kw>
<kw name="Wait Until Element Is Visible" library="SeleniumLibrary">
<arg>locator=//span[contains(.,'Your Cart')]</arg>
<doc>Waits until the element ``locator`` is visible.</doc>
<status status="PASS" starttime="20231120 20:22:54.047" endtime="20231120 20:22:54.084"/>
</kw>
<kw name="Page Should Contain Element" library="SeleniumLibrary">
<arg>locator=${backpack}</arg>
<arg>locator=${bike}</arg>
<doc>Verifies that element ``locator`` is found on the current page.</doc>
<msg timestamp="20231120 20:22:54.105" level="INFO">Current page contains element '//div[@class='inventory_item_name'][contains(.,'Sauce Labs Bike Light')]'.</msg>
<status status="PASS" starttime="20231120 20:22:54.086" endtime="20231120 20:22:54.106"/>
</kw>
<status status="PASS" starttime="20231120 20:22:53.951" endtime="20231120 20:22:54.106"/>
</kw>
<doc>Este teste irá adicionar produtos ao carrinho</doc>
<tag>adicionar_produtos</tag>
<status status="PASS" starttime="20231120 20:22:53.644" endtime="20231120 20:22:54.106"/>
</test>
<test id="s1-t3" name="Cenário III: Remover um produto" line="30">
<kw name="Buscar por Backpack">
<kw name="Page Should Contain" library="SeleniumLibrary">
<arg>text=Sauce Labs Backpack</arg>
<doc>Verifies that current page contains ``text``.</doc>
<msg timestamp="20231120 20:22:54.131" level="INFO">Current page contains text 'Sauce Labs Backpack'.</msg>
<status status="PASS" starttime="20231120 20:22:54.106" endtime="20231120 20:22:54.131"/>
</kw>
<status status="PASS" starttime="20231120 20:22:54.106" endtime="20231120 20:22:54.132"/>
</kw>
<kw name="Remover produto do carrinho">
<kw name="Click Button" library="SeleniumLibrary">
<arg>locator=remove-sauce-labs-backpack</arg>
<doc>Clicks the button identified by ``locator``.</doc>
<msg timestamp="20231120 20:22:54.132" level="INFO">Clicking button 'remove-sauce-labs-backpack'.</msg>
<status status="PASS" starttime="20231120 20:22:54.132" endtime="20231120 20:22:54.269"/>
</kw>
<status status="PASS" starttime="20231120 20:22:54.132" endtime="20231120 20:22:54.270"/>
</kw>
<doc>Este teste irá remover um dos produtos do carrinho</doc>
<tag>remover_produto</tag>
<status status="PASS" starttime="20231120 20:22:54.106" endtime="20231120 20:22:54.270"/>
</test>
<test id="s1-t4" name="Cenário IV: Efetuar compra" line="36">
<kw name="Buscar por Bike">
<kw name="Page Should Contain" library="SeleniumLibrary">
<arg>text=Sauce Labs Bike Light</arg>
<doc>Verifies that current page contains ``text``.</doc>
<msg timestamp="20231120 20:22:54.301" level="INFO">Current page contains text 'Sauce Labs Bike Light'.</msg>
<status status="PASS" starttime="20231120 20:22:54.275" endtime="20231120 20:22:54.301"/>
</kw>
<status status="PASS" starttime="20231120 20:22:54.273" endtime="20231120 20:22:54.301"/>
</kw>
<kw name="Realizar Checkout">
<kw name="Click Button" library="SeleniumLibrary">
<arg>locator=checkout</arg>
<doc>Clicks the button identified by ``locator``.</doc>
<msg timestamp="20231120 20:22:54.301" level="INFO">Clicking button 'checkout'.</msg>
<status status="PASS" starttime="20231120 20:22:54.301" endtime="20231120 20:22:54.469"/>
</kw>
<kw name="Wait Until Element Is Visible" library="SeleniumLibrary">
<arg>locator=${information}</arg>
<doc>Waits until the element ``locator`` is visible.</doc>
<status status="PASS" starttime="20231120 20:22:54.472" endtime="20231120 20:22:54.525"/>
</kw>
<status status="PASS" starttime="20231120 20:22:54.301" endtime="20231120 20:22:54.525"/>
</kw>
<kw name="Inserir dados pessoais">
<kw name="Input Text" library="SeleniumLibrary">
<arg>locator=first-name</arg>
<arg>text=Nazaré</arg>
<doc>Types the given ``text`` into the text field identified by ``locator``.</doc>
<msg timestamp="20231120 20:22:54.525" level="INFO">Typing text 'Nazaré' into text field 'first-name'.</msg>
<status status="PASS" starttime="20231120 20:22:54.525" endtime="20231120 20:22:54.774"/>
</kw>
<kw name="Input Text" library="SeleniumLibrary">
<arg>locator=last-name</arg>
<arg>text=Tedesco</arg>
<doc>Types the given ``text`` into the text field identified by ``locator``.</doc>
<msg timestamp="20231120 20:22:54.774" level="INFO">Typing text 'Tedesco' into text field 'last-name'.</msg>
<status status="PASS" starttime="20231120 20:22:54.774" endtime="20231120 20:22:55.025"/>
</kw>
<kw name="Input Text" library="SeleniumLibrary">
<arg>locator=postal-code</arg>
<arg>text=44190-000</arg>
<doc>Types the given ``text`` into the text field identified by ``locator``.</doc>
<msg timestamp="20231120 20:22:55.025" level="INFO">Typing text '44190-000' into text field 'postal-code'.</msg>
<status status="PASS" starttime="20231120 20:22:55.025" endtime="20231120 20:22:55.283"/>
</kw>
<kw name="Click Button" library="SeleniumLibrary">
<arg>locator=continue</arg>
<doc>Clicks the button identified by ``locator``.</doc>
<msg timestamp="20231120 20:22:55.283" level="INFO">Clicking button 'continue'.</msg>
<status status="PASS" starttime="20231120 20:22:55.283" endtime="20231120 20:22:55.439"/>
</kw>
<kw name="Wait Until Element Is Visible" library="SeleniumLibrary">
<arg>locator=${overview}</arg>
<doc>Waits until the element ``locator`` is visible.</doc>
<status status="PASS" starttime="20231120 20:22:55.441" endtime="20231120 20:22:55.490"/>
</kw>
<status status="PASS" starttime="20231120 20:22:54.525" endtime="20231120 20:22:55.490"/>
</kw>
<kw name="Buscar por Bike">
<kw name="Page Should Contain" library="SeleniumLibrary">
<arg>text=Sauce Labs Bike Light</arg>
<doc>Verifies that current page contains ``text``.</doc>
<msg timestamp="20231120 20:22:55.513" level="INFO">Current page contains text 'Sauce Labs Bike Light'.</msg>
<status status="PASS" starttime="20231120 20:22:55.490" endtime="20231120 20:22:55.513"/>
</kw>
<status status="PASS" starttime="20231120 20:22:55.490" endtime="20231120 20:22:55.513"/>
</kw>
<kw name="Finalizar compra">
<kw name="Click Button" library="SeleniumLibrary">
<arg>locator=finish</arg>
<doc>Clicks the button identified by ``locator``.</doc>
<msg timestamp="20231120 20:22:55.513" level="INFO">Clicking button 'finish'.</msg>
<status status="PASS" starttime="20231120 20:22:55.513" endtime="20231120 20:22:55.679"/>
</kw>
<kw name="Wait Until Element Is Visible" library="SeleniumLibrary">
<arg>locator=${checkoutComplete}</arg>
<doc>Waits until the element ``locator`` is visible.</doc>
<status status="PASS" starttime="20231120 20:22:55.681" endtime="20231120 20:22:55.731"/>
</kw>
<status status="PASS" starttime="20231120 20:22:55.513" endtime="20231120 20:22:55.731"/>
</kw>
<kw name="Conferir compra efetuada">
<kw name="Page Should Contain" library="SeleniumLibrary">
<arg>text=Thank you for your order!</arg>
<doc>Verifies that current page contains ``text``.</doc>
<msg timestamp="20231120 20:22:55.766" level="INFO">Current page contains text 'Thank you for your order!'.</msg>
<status status="PASS" starttime="20231120 20:22:55.731" endtime="20231120 20:22:55.766"/>
</kw>
<status status="PASS" starttime="20231120 20:22:55.731" endtime="20231120 20:22:55.766"/>
</kw>
<doc>Este teste irá concluir a compra</doc>
<tag>concluir_compra</tag>
<status status="PASS" starttime="20231120 20:22:54.273" endtime="20231120 20:22:55.767"/>
</test>
<test id="s1-t5" name="Cenário V: Efetuar Logoff" line="46">
<kw name="Retornar para a home">
<kw name="Click Button" library="SeleniumLibrary">
<arg>locator=back-to-products</arg>
<doc>Clicks the button identified by ``locator``.</doc>
<msg timestamp="20231120 20:22:55.774" level="INFO">Clicking button 'back-to-products'.</msg>
<status status="PASS" starttime="20231120 20:22:55.769" endtime="20231120 20:22:55.968"/>
</kw>
<kw name="Conferir título Products">
<kw name="Wait Until Element Is Visible" library="SeleniumLibrary">
<arg>locator=//span[@class='title'][contains(.,'Products')]</arg>
<doc>Waits until the element ``locator`` is visible.</doc>
<status status="PASS" starttime="20231120 20:22:55.968" endtime="20231120 20:22:56.015"/>
</kw>
<status status="PASS" starttime="20231120 20:22:55.968" endtime="20231120 20:22:56.015"/>
</kw>
<status status="PASS" starttime="20231120 20:22:55.769" endtime="20231120 20:22:56.015"/>
</kw>
<kw name="Efetuar logout">
<kw name="Click Button" library="SeleniumLibrary">
<arg>locator=react-burger-menu-btn</arg>
<doc>Clicks the button identified by ``locator``.</doc>
<msg timestamp="20231120 20:22:56.015" level="INFO">Clicking button 'react-burger-menu-btn'.</msg>
<status status="PASS" starttime="20231120 20:22:56.015" endtime="20231120 20:22:56.176"/>
</kw>
<kw name="Wait Until Element Is Visible" library="SeleniumLibrary">
<arg>locator=${logout}</arg>
<doc>Waits until the element ``locator`` is visible.</doc>
<status status="PASS" starttime="20231120 20:22:56.176" endtime="20231120 20:22:56.503"/>
</kw>
<kw name="Click Element" library="SeleniumLibrary">
<arg>locator=logout_sidebar_link</arg>
<doc>Click the element identified by ``locator``.</doc>
<msg timestamp="20231120 20:22:56.505" level="INFO">Clicking element 'logout_sidebar_link'.</msg>
<status status="PASS" starttime="20231120 20:22:56.504" endtime="20231120 20:22:56.691"/>
</kw>
<kw name="Conferir título Swag Labs">
<kw name="Wait Until Element Is Visible" library="SeleniumLibrary">
<arg>locator=//div[contains(@class,'logo')]</arg>
<doc>Waits until the element ``locator`` is visible.</doc>
<status status="PASS" starttime="20231120 20:22:56.694" endtime="20231120 20:22:56.752"/>
</kw>
<status status="PASS" starttime="20231120 20:22:56.692" endtime="20231120 20:22:56.752"/>
</kw>
<status status="PASS" starttime="20231120 20:22:56.015" endtime="20231120 20:22:56.752"/>
</kw>
<doc>Este teste irá efetuar logoff do e-commerce</doc>
<tag>logoff</tag>
<status status="PASS" starttime="20231120 20:22:55.769" endtime="20231120 20:22:56.752"/>
</test>
<kw name="Fechar navegador" type="TEARDOWN">
<kw name="Close Browser" library="SeleniumLibrary">
<doc>Closes the current browser.</doc>
<status status="PASS" starttime="20231120 20:22:56.752" endtime="20231120 20:22:59.193"/>
</kw>
<status status="PASS" starttime="20231120 20:22:56.752" endtime="20231120 20:22:59.193"/>
</kw>
<doc>Suíte de teste para validar fluxo de compra no e-commerce</doc>
<status status="PASS" starttime="20231120 20:22:41.558" endtime="20231120 20:22:59.193"/>
</suite>
<statistics>
<total>
<stat pass="5" fail="0" skip="0">All Tests</stat>
</total>
<tag>
<stat pass="1" fail="0" skip="0">adicionar_produtos</stat>
<stat pass="1" fail="0" skip="0">concluir_compra</stat>
<stat pass="1" fail="0" skip="0">login_ecommerce</stat>
<stat pass="1" fail="0" skip="0">logoff</stat>
<stat pass="1" fail="0" skip="0">remover_produto</stat>
</tag>
<suite>
<stat pass="5" fail="0" skip="0" id="s1" name="Web">Web</stat>
</suite>
</statistics>
<errors>
</errors>
</robot>
